<?xml version="1.0" encoding="UTF-8" ?>
<testsuite errors="1" failures="0" hostname="TAG009441014823" name="test.java.cdelivery_demo_test.ExecTest" skipped="0" tests="1" time="0.0" timestamp="2016-04-29T00:20:30">
  <properties>
    <property name="java.vendor" value="Oracle Corporation" />
    <property name="sun.java.launcher" value="SUN_STANDARD" />
    <property name="eclipse.pdebuild.templates" value="/C:/Users/daniel.pohanka/eclipse/jee-mars3/eclipse/../../../.p2/pool/plugins/org.eclipse.pde.build_3.9.100.v20150521-1524/templates/" />
    <property name="sun.management.compiler" value="HotSpot 64-Bit Tiered Compilers" />
    <property name="os.name" value="Windows 8.1" />
    <property name="sun.boot.class.path" value="C:\Program Files\Java\jdk1.8.0_74\jre\lib\resources.jar;C:\Program Files\Java\jdk1.8.0_74\jre\lib\rt.jar;C:\Program Files\Java\jdk1.8.0_74\jre\lib\sunrsasign.jar;C:\Program Files\Java\jdk1.8.0_74\jre\lib\jsse.jar;C:\Program Files\Java\jdk1.8.0_74\jre\lib\jce.jar;C:\Program Files\Java\jdk1.8.0_74\jre\lib\charsets.jar;C:\Program Files\Java\jdk1.8.0_74\jre\lib\jfr.jar;C:\Program Files\Java\jdk1.8.0_74\jre\classes" />
    <property name="dtagent" value="-agentpath:C:\Program Files\dynaTrace\Dynatrace 6.3\agent\lib64\dtagent.dll=   name=Tomcat_CDelivery_Demo_Dev,server=VA1DYNADEVSRV03.local:9998,optionTestRunIdJava=${dynatrace.testsession.id}" />
    <property name="sun.desktop" value="windows" />
    <property name="java.vm.specification.vendor" value="Oracle Corporation" />
    <property name="ant.home" value="C:\devtools\apache-ant-1.9.7" />
    <property name="java.runtime.version" value="1.8.0_74-b02" />
    <property name="test.build.dir" value="build/main/cdelivery_demo_test" />
    <property name="user.name" value="Daniel.Pohanka" />
    <property name="user.language" value="en" />
    <property name="sun.boot.library.path" value="C:\Program Files\Java\jdk1.8.0_74\jre\bin" />
    <property name="ant.project.default-target" value="test" />
    <property name="ant.project.name" value="cdelivery_demo" />
    <property name="java.version" value="1.8.0_74" />
    <property name="user.timezone" value="" />
    <property name="sun.arch.data.model" value="64" />
    <property name="test.src.dir" value="src/" />
    <property name="java.endorsed.dirs" value="C:\Program Files\Java\jdk1.8.0_74\jre\lib\endorsed" />
    <property name="sun.cpu.isalist" value="amd64" />
    <property name="sun.jnu.encoding" value="Cp1252" />
    <property name="file.encoding.pkg" value="sun.io" />
    <property name="file.separator" value="\" />
    <property name="java.specification.name" value="Java Platform API Specification" />
    <property name="ant.file.cdelivery_demo" value="C:\Users\daniel.pohanka\Documents\GitHub\CDelivery_Demo\build.xml" />
    <property name="java.class.version" value="52.0" />
    <property name="user.country" value="US" />
    <property name="java.home" value="C:\Program Files\Java\jdk1.8.0_74\jre" />
    <property name="java.vm.info" value="mixed mode" />
    <property name="ant.file" value="C:\Users\daniel.pohanka\Documents\GitHub\CDelivery_Demo\build.xml" />
    <property name="os.version" value="6.3" />
    <property name="dynatrace.collector" value="VA1DYNADEVSRV03.local:9998" />
    <property name="path.separator" value=";" />
    <property name="java.vm.version" value="25.74-b02" />
    <property name="user.variant" value="" />
    <property name="ant.library.dir" value="C:\devtools\apache-ant-1.9.7\lib" />
    <property name="java.awt.printerjob" value="sun.awt.windows.WPrinterJob" />
    <property name="ant.file.type.cdelivery_demo" value="file" />
    <property name="sun.io.unicode.encoding" value="UnicodeLittle" />
    <property name="awt.toolkit" value="sun.awt.windows.WToolkit" />
    <property name="user.script" value="" />
    <property name="eclipse.pdebuild.scripts" value="/C:/Users/daniel.pohanka/eclipse/jee-mars3/eclipse/../../../.p2/pool/plugins/org.eclipse.pde.build_3.9.100.v20150521-1524/scripts/" />
    <property name="user.home" value="C:\Users\daniel.pohanka" />
    <property name="java.specification.vendor" value="Oracle Corporation" />
    <property name="java.library.path" value="C:\Program Files\Java\jdk1.8.0_74\jre\bin;C:\WINDOWS\Sun\Java\bin;C:\WINDOWS\system32;C:\WINDOWS;C:/Program Files/Java/jre1.8.0_74/bin/server;C:/Program Files/Java/jre1.8.0_74/bin;C:/Program Files/Java/jre1.8.0_74/lib/amd64;C:\ProgramData\Oracle\Java\javapath;C:\WINDOWS\system32;C:\WINDOWS;C:\WINDOWS\System32\Wbem;C:\WINDOWS\System32\WindowsPowerShell\v1.0\;C:\Program Files (x86)\Skype\Phone\;C:\Program Files\OpenVPN\bin;C:\Users\daniel.pohanka\AppData\Roaming\Microsoft\Windows\Start Menu\Programs\Eclipse;;." />
    <property name="java.vendor.url" value="http://java.oracle.com/" />
    <property name="java.vm.vendor" value="Oracle Corporation" />
    <property name="java.runtime.name" value="Java(TM) SE Runtime Environment" />
    <property name="sun.java.command" value="org.apache.tools.ant.taskdefs.optional.junit.JUnitTestRunner test.java.cdelivery_demo_test.ExecTest skipNonTests=false filtertrace=true haltOnError=false haltOnFailure=true formatter=org.apache.tools.ant.taskdefs.optional.junit.SummaryJUnitResultFormatter showoutput=false outputtoformatters=true logfailedtests=true threadid=0 logtestlistenerevents=false formatter=org.apache.tools.ant.taskdefs.optional.junit.XMLJUnitResultFormatter,C:\Users\daniel.pohanka\Documents\GitHub\CDelivery_Demo\TEST-test.java.cdelivery_demo_test.ExecTest.xml crashfile=C:\Users\daniel.pohanka\Documents\GitHub\CDelivery_Demo\junitvmwatcher9118810488652643405.properties propsfile=C:\Users\daniel.pohanka\Documents\GitHub\CDelivery_Demo\junit3277966323904046624.properties" />
    <property name="java.class.path" value="C:\Users\daniel.pohanka\Documents\GitHub\CDelivery_Demo\build\main\cdelivery_demo;C:\Users\daniel.pohanka\Documents\GitHub\CDelivery_Demo\build\main\cdelivery_demo_test;C:\devtools\apache-ant-1.9.7\lib\junit-4.11.jar;C:\devtools\apache-ant-1.9.7\lib\ant-launcher.jar;C:\devtools\apache-ant-1.9.7\lib\ant.jar;C:\devtools\apache-ant-1.9.7\lib\ant-junit.jar;C:\devtools\apache-ant-1.9.7\lib\ant-junit4.jar" />
    <property name="ant.version" value="Apache Ant(TM) version 1.9.7 compiled on April 9 2016" />
    <property name="java.vm.specification.name" value="Java Virtual Machine Specification" />
    <property name="java.vm.specification.version" value="1.8" />
    <property name="sun.cpu.endian" value="little" />
    <property name="sun.os.patch.level" value="" />
    <property name="eclipse.pdebuild.home" value="/C:/Users/daniel.pohanka/eclipse/jee-mars3/eclipse/../../../.p2/pool/plugins/org.eclipse.pde.build_3.9.100.v20150521-1524/./" />
    <property name="java.io.tmpdir" value="C:\Users\DANIEL~1.POH\AppData\Local\Temp\" />
    <property name="java.vendor.url.bug" value="http://bugreport.sun.com/bugreport/" />
    <property name="os.arch" value="amd64" />
    <property name="java.awt.graphicsenv" value="sun.awt.Win32GraphicsEnvironment" />
    <property name="java.ext.dirs" value="C:\Program Files\Java\jdk1.8.0_74\jre\lib\ext;C:\WINDOWS\Sun\Java\lib\ext" />
    <property name="user.dir" value="C:\Users\daniel.pohanka\Documents\GitHub\CDelivery_Demo" />
    <property name="line.separator" value="&#xd;&#xa;" />
    <property name="java.vm.name" value="Java HotSpot(TM) 64-Bit Server VM" />
    <property name="basedir" value="C:\Users\daniel.pohanka\Documents\GitHub\CDelivery_Demo" />
    <property name="ant.java.version" value="1.8" />
    <property name="ant.core.lib" value="C:\devtools\apache-ant-1.9.7\lib\ant.jar" />
    <property name="main.build.dir" value="build/main/cdelivery_demo" />
    <property name="file.encoding" value="Cp1252" />
    <property name="main.src.dir" value="src/" />
    <property name="java.specification.version" value="1.8" />
    <property name="ant.project.invoked-targets" value="test" />
    <property name="dynatrace.profile.name" value="CDelivery_Demo Dev" />
  </properties>
  <error message="test.java.cdelivery_demo_test.ExecTest" type="java.lang.ClassNotFoundException">java.lang.ClassNotFoundException: test.java.cdelivery_demo_test.ExecTest
	at java.net.URLClassLoader.findClass(URLClassLoader.java:381)
	at java.lang.ClassLoader.loadClass(ClassLoader.java:424)
	at sun.misc.Launcher$AppClassLoader.loadClass(Launcher.java:331)
	at java.lang.ClassLoader.loadClass(ClassLoader.java:357)
	at java.lang.Class.forName0(Native Method)
	at java.lang.Class.forName(Class.java:264)
</error>
  <system-out><![CDATA[]]></system-out>
  <system-err><![CDATA[]]></system-err>
</testsuite>
